<?xml version="1.0" encoding="UTF-8"?>
<testng-results skipped="0" failed="0" ignored="1" total="9" passed="8">
  <reporter-output>
  </reporter-output>
  <suite name="Siddhi-Io-Feed-Test-Suite" duration-ms="72955" started-at="2019-05-06T03:36:09Z" finished-at="2019-05-06T03:37:22Z">
    <groups>
    </groups>
    <test name="Siddhi-io-feed-tests" duration-ms="72955" started-at="2019-05-06T03:36:09Z" finished-at="2019-05-06T03:37:22Z">
      <class name="org.wso2.extension.siddhi.io.feed.source.TestCaseOfFeedSource">
        <test-method status="PASS" signature="sourceForAtom()[pri:0, instance:org.wso2.extension.siddhi.io.feed.source.TestCaseOfFeedSource@794366a5]" name="sourceForAtom" duration-ms="5016" started-at="2019-05-06T09:06:11Z" finished-at="2019-05-06T09:06:16Z">
          <reporter-output>
          </reporter-output>
        </test-method> <!-- sourceForAtom -->
        <test-method status="PASS" signature="sourceForPauseAndResume()[pri:0, instance:org.wso2.extension.siddhi.io.feed.source.TestCaseOfFeedSource@794366a5]" name="sourceForPauseAndResume" duration-ms="61016" started-at="2019-05-06T09:06:16Z" finished-at="2019-05-06T09:07:17Z">
          <reporter-output>
          </reporter-output>
        </test-method> <!-- sourceForPauseAndResume -->
        <test-method status="PASS" signature="sourceForRss()[pri:0, instance:org.wso2.extension.siddhi.io.feed.source.TestCaseOfFeedSource@794366a5]" name="sourceForRss" duration-ms="5014" started-at="2019-05-06T09:07:17Z" finished-at="2019-05-06T09:07:22Z">
          <reporter-output>
          </reporter-output>
        </test-method> <!-- sourceForRss -->
      </class> <!-- org.wso2.extension.siddhi.io.feed.source.TestCaseOfFeedSource -->
      <class name="org.wso2.extension.siddhi.io.feed.sink.TestCaseOfFeedSink">
        <test-method status="PASS" signature="startServer()[pri:0, instance:org.wso2.extension.siddhi.io.feed.sink.TestCaseOfFeedSink@15c487a8]" name="startServer" is-config="true" duration-ms="319" started-at="2019-05-06T09:06:09Z" finished-at="2019-05-06T09:06:09Z">
          <reporter-output>
          </reporter-output>
        </test-method> <!-- startServer -->
        <test-method status="PASS" signature="basicSink()[pri:0, instance:org.wso2.extension.siddhi.io.feed.sink.TestCaseOfFeedSink@15c487a8]" name="basicSink" duration-ms="1365" started-at="2019-05-06T09:06:09Z" finished-at="2019-05-06T09:06:11Z">
          <reporter-output>
          </reporter-output>
        </test-method> <!-- basicSink -->
        <test-method status="PASS" signature="sinkForValidation()[pri:0, instance:org.wso2.extension.siddhi.io.feed.sink.TestCaseOfFeedSink@15c487a8]" name="sinkForValidation" duration-ms="17" started-at="2019-05-06T09:06:11Z" finished-at="2019-05-06T09:06:11Z">
          <exception class="org.wso2.siddhi.query.api.exception.SiddhiAppValidationException">
            <message>
              <![CDATA[Error on 'test' @ Line: 5. Position: 61, near '@Source(type='feed', 
feed.type = 'Atomm', 
url = 'http://localhost:45597/news', 
@map(type = 'keyvalue', fail.on.missing.attribute = 'false'))'. type error]]>
            </message>
            <full-stacktrace>
              <![CDATA[org.wso2.siddhi.query.api.exception.SiddhiAppValidationException: Error on 'test' @ Line: 5. Position: 61, near '@Source(type='feed', 
feed.type = 'Atomm', 
url = 'http://localhost:45597/news', 
@map(type = 'keyvalue', fail.on.missing.attribute = 'false'))'. type error
	at org.wso2.extension.siddhi.io.feed.source.FeedSource.validateType(FeedSource.java:93)
	at org.wso2.extension.siddhi.io.feed.source.FeedSource.init(FeedSource.java:79)
	at org.wso2.siddhi.core.stream.input.source.Source.init(Source.java:71)
	at org.wso2.siddhi.core.util.parser.helper.DefinitionParserHelper.addEventSource(DefinitionParserHelper.java:367)
	at org.wso2.siddhi.core.util.SiddhiAppRuntimeBuilder.defineStream(SiddhiAppRuntimeBuilder.java:114)
	at org.wso2.siddhi.core.util.parser.SiddhiAppParser.defineStreamDefinitions(SiddhiAppParser.java:318)
	at org.wso2.siddhi.core.util.parser.SiddhiAppParser.parse(SiddhiAppParser.java:225)
	at org.wso2.siddhi.core.SiddhiManager.createSiddhiAppRuntime(SiddhiManager.java:65)
	at org.wso2.siddhi.core.SiddhiManager.createSiddhiAppRuntime(SiddhiManager.java:74)
	at org.wso2.extension.siddhi.io.feed.sink.TestCaseOfFeedSink.sinkForValidation(TestCaseOfFeedSink.java:239)
	at sun.reflect.NativeMethodAccessorImpl.invoke0(Native Method)
	at sun.reflect.NativeMethodAccessorImpl.invoke(NativeMethodAccessorImpl.java:62)
	at sun.reflect.DelegatingMethodAccessorImpl.invoke(DelegatingMethodAccessorImpl.java:43)
	at java.lang.reflect.Method.invoke(Method.java:498)
	at org.testng.internal.MethodInvocationHelper.invokeMethod(MethodInvocationHelper.java:108)
	at org.testng.internal.Invoker.invokeMethod(Invoker.java:661)
	at org.testng.internal.Invoker.invokeTestMethod(Invoker.java:869)
	at org.testng.internal.Invoker.invokeTestMethods(Invoker.java:1193)
	at org.testng.internal.TestMethodWorker.invokeTestMethods(TestMethodWorker.java:126)
	at org.testng.internal.TestMethodWorker.run(TestMethodWorker.java:109)
	at org.testng.TestRunner.privateRun(TestRunner.java:744)
	at org.testng.TestRunner.run(TestRunner.java:602)
	at org.testng.SuiteRunner.runTest(SuiteRunner.java:380)
	at org.testng.SuiteRunner.runSequentially(SuiteRunner.java:375)
	at org.testng.SuiteRunner.privateRun(SuiteRunner.java:340)
	at org.testng.SuiteRunner.run(SuiteRunner.java:289)
	at org.testng.SuiteRunnerWorker.runSuite(SuiteRunnerWorker.java:52)
	at org.testng.SuiteRunnerWorker.run(SuiteRunnerWorker.java:86)
	at org.testng.TestNG.runSuitesSequentially(TestNG.java:1301)
	at org.testng.TestNG.runSuitesLocally(TestNG.java:1226)
	at org.testng.TestNG.runSuites(TestNG.java:1144)
	at org.testng.TestNG.run(TestNG.java:1115)
	at org.apache.maven.surefire.testng.TestNGExecutor.run(TestNGExecutor.java:281)
	at org.apache.maven.surefire.testng.TestNGXmlTestSuite.execute(TestNGXmlTestSuite.java:75)
	at org.apache.maven.surefire.testng.TestNGProvider.invoke(TestNGProvider.java:121)
	at org.apache.maven.surefire.booter.ForkedBooter.invokeProviderInSameClassLoader(ForkedBooter.java:290)
	at org.apache.maven.surefire.booter.ForkedBooter.runSuitesInProcess(ForkedBooter.java:242)
	at org.apache.maven.surefire.booter.ForkedBooter.main(ForkedBooter.java:121)
]]>
            </full-stacktrace>
          </exception> <!-- org.wso2.siddhi.query.api.exception.SiddhiAppValidationException -->
          <reporter-output>
          </reporter-output>
        </test-method> <!-- sinkForValidation -->
        <test-method status="PASS" signature="sinkForValidation2()[pri:0, instance:org.wso2.extension.siddhi.io.feed.sink.TestCaseOfFeedSink@15c487a8]" name="sinkForValidation2" duration-ms="21" started-at="2019-05-06T09:06:11Z" finished-at="2019-05-06T09:06:11Z">
          <exception class="org.wso2.siddhi.query.api.exception.SiddhiAppValidationException">
            <message>
              <![CDATA[Error on 'test' @ Line: 5. Position: 61, near '@Source(type='feed', 
feed.type = 'Atomm', 
url = 'localhost.', 
@map(type = 'keyvalue', fail.on.missing.attribute = 'false'))'.  Url Error in siddhi stream @App:name('test') 
@Source(type='feed', 
feed.type = 'Atomm', 
url = 'localhost.', 
@map(type = 'keyvalue', fail.on.missing.attribute = 'false')) 
 define stream outputStream(id string, published string, content string, title string);
]]>
            </message>
            <full-stacktrace>
              <![CDATA[org.wso2.siddhi.query.api.exception.SiddhiAppValidationException: Error on 'test' @ Line: 5. Position: 61, near '@Source(type='feed', 
feed.type = 'Atomm', 
url = 'localhost.', 
@map(type = 'keyvalue', fail.on.missing.attribute = 'false'))'.  Url Error in siddhi stream @App:name('test') 
@Source(type='feed', 
feed.type = 'Atomm', 
url = 'localhost.', 
@map(type = 'keyvalue', fail.on.missing.attribute = 'false')) 
 define stream outputStream(id string, published string, content string, title string);

	at org.wso2.extension.siddhi.io.feed.source.FeedSource.init(FeedSource.java:77)
	at org.wso2.siddhi.core.stream.input.source.Source.init(Source.java:71)
	at org.wso2.siddhi.core.util.parser.helper.DefinitionParserHelper.addEventSource(DefinitionParserHelper.java:367)
	at org.wso2.siddhi.core.util.SiddhiAppRuntimeBuilder.defineStream(SiddhiAppRuntimeBuilder.java:114)
	at org.wso2.siddhi.core.util.parser.SiddhiAppParser.defineStreamDefinitions(SiddhiAppParser.java:318)
	at org.wso2.siddhi.core.util.parser.SiddhiAppParser.parse(SiddhiAppParser.java:225)
	at org.wso2.siddhi.core.SiddhiManager.createSiddhiAppRuntime(SiddhiManager.java:65)
	at org.wso2.siddhi.core.SiddhiManager.createSiddhiAppRuntime(SiddhiManager.java:74)
	at org.wso2.extension.siddhi.io.feed.sink.TestCaseOfFeedSink.sinkForValidation2(TestCaseOfFeedSink.java:275)
	at sun.reflect.NativeMethodAccessorImpl.invoke0(Native Method)
	at sun.reflect.NativeMethodAccessorImpl.invoke(NativeMethodAccessorImpl.java:62)
	at sun.reflect.DelegatingMethodAccessorImpl.invoke(DelegatingMethodAccessorImpl.java:43)
	at java.lang.reflect.Method.invoke(Method.java:498)
	at org.testng.internal.MethodInvocationHelper.invokeMethod(MethodInvocationHelper.java:108)
	at org.testng.internal.Invoker.invokeMethod(Invoker.java:661)
	at org.testng.internal.Invoker.invokeTestMethod(Invoker.java:869)
	at org.testng.internal.Invoker.invokeTestMethods(Invoker.java:1193)
	at org.testng.internal.TestMethodWorker.invokeTestMethods(TestMethodWorker.java:126)
	at org.testng.internal.TestMethodWorker.run(TestMethodWorker.java:109)
	at org.testng.TestRunner.privateRun(TestRunner.java:744)
	at org.testng.TestRunner.run(TestRunner.java:602)
	at org.testng.SuiteRunner.runTest(SuiteRunner.java:380)
	at org.testng.SuiteRunner.runSequentially(SuiteRunner.java:375)
	at org.testng.SuiteRunner.privateRun(SuiteRunner.java:340)
	at org.testng.SuiteRunner.run(SuiteRunner.java:289)
	at org.testng.SuiteRunnerWorker.runSuite(SuiteRunnerWorker.java:52)
	at org.testng.SuiteRunnerWorker.run(SuiteRunnerWorker.java:86)
	at org.testng.TestNG.runSuitesSequentially(TestNG.java:1301)
	at org.testng.TestNG.runSuitesLocally(TestNG.java:1226)
	at org.testng.TestNG.runSuites(TestNG.java:1144)
	at org.testng.TestNG.run(TestNG.java:1115)
	at org.apache.maven.surefire.testng.TestNGExecutor.run(TestNGExecutor.java:281)
	at org.apache.maven.surefire.testng.TestNGXmlTestSuite.execute(TestNGXmlTestSuite.java:75)
	at org.apache.maven.surefire.testng.TestNGProvider.invoke(TestNGProvider.java:121)
	at org.apache.maven.surefire.booter.ForkedBooter.invokeProviderInSameClassLoader(ForkedBooter.java:290)
	at org.apache.maven.surefire.booter.ForkedBooter.runSuitesInProcess(ForkedBooter.java:242)
	at org.apache.maven.surefire.booter.ForkedBooter.main(ForkedBooter.java:121)
]]>
            </full-stacktrace>
          </exception> <!-- org.wso2.siddhi.query.api.exception.SiddhiAppValidationException -->
          <reporter-output>
          </reporter-output>
        </test-method> <!-- sinkForValidation2 -->
        <test-method status="PASS" signature="sinkForUpdate()[pri:0, instance:org.wso2.extension.siddhi.io.feed.sink.TestCaseOfFeedSink@15c487a8]" name="sinkForUpdate" duration-ms="99" started-at="2019-05-06T09:06:11Z" depends-on-methods="org.wso2.extension.siddhi.io.feed.sink.TestCaseOfFeedSink.basicSink" finished-at="2019-05-06T09:06:11Z">
          <reporter-output>
          </reporter-output>
        </test-method> <!-- sinkForUpdate -->
        <test-method status="PASS" signature="sinkForDelete()[pri:0, instance:org.wso2.extension.siddhi.io.feed.sink.TestCaseOfFeedSink@15c487a8]" name="sinkForDelete" duration-ms="34" started-at="2019-05-06T09:06:11Z" depends-on-methods="org.wso2.extension.siddhi.io.feed.sink.TestCaseOfFeedSink.sinkForUpdate" finished-at="2019-05-06T09:06:11Z">
          <reporter-output>
          </reporter-output>
        </test-method> <!-- sinkForDelete -->
        <test-method status="PASS" signature="stopServer()[pri:0, instance:org.wso2.extension.siddhi.io.feed.sink.TestCaseOfFeedSink@15c487a8]" name="stopServer" is-config="true" duration-ms="4" started-at="2019-05-06T09:06:11Z" finished-at="2019-05-06T09:06:11Z">
          <reporter-output>
          </reporter-output>
        </test-method> <!-- stopServer -->
      </class> <!-- org.wso2.extension.siddhi.io.feed.sink.TestCaseOfFeedSink -->
    </test> <!-- Siddhi-io-feed-tests -->
  </suite> <!-- Siddhi-Io-Feed-Test-Suite -->
</testng-results>
