<?xml version="1.0" encoding="UTF-8"?>
<!-- Generated by org.testng.reporters.JUnitXMLReporter -->
<testsuite hostname="dhanushka-ThinkPad-T530" ignored="0" name="Siddhi-io-feed-tests" tests="10" failures="0" timestamp="07 May 2019 05:35:40 GMT" time="77.992" errors="0">
  <testcase name="basicSink" time="2.099" classname="org.wso2.extension.siddhi.io.feed.sink.TestCaseOfFeedSink"/>
  <testcase name="sinkValidationTest" time="0.01" classname="org.wso2.extension.siddhi.io.feed.sink.TestCaseOfFeedSink"/>
  <testcase name="sinkForValidation" time="0.005" classname="org.wso2.extension.siddhi.io.feed.sink.TestCaseOfFeedSink"/>
  <testcase name="sinkForUpdate" time="0.072" classname="org.wso2.extension.siddhi.io.feed.sink.TestCaseOfFeedSink"/>
  <testcase name="sinkForDelete" time="0.037" classname="org.wso2.extension.siddhi.io.feed.sink.TestCaseOfFeedSink"/>
  <testcase name="sinkForValidation" time="0.025" classname="org.wso2.extension.siddhi.io.feed.source.TestCaseOfFeedSource"/>
  <testcase name="sinkForValidation2" time="0.005" classname="org.wso2.extension.siddhi.io.feed.source.TestCaseOfFeedSource"/>
  <testcase name="sourceForAtom" time="5.023" classname="org.wso2.extension.siddhi.io.feed.source.TestCaseOfFeedSource"/>
  <testcase name="sourceForPauseAndResume" time="66.024" classname="org.wso2.extension.siddhi.io.feed.source.TestCaseOfFeedSource"/>
  <testcase name="sourceForRss" time="4.014" classname="org.wso2.extension.siddhi.io.feed.source.TestCaseOfFeedSource"/>
</testsuite> <!-- Siddhi-io-feed-tests -->
