<?xml version="1.0" encoding="UTF-8"?>
<!-- Generated by org.testng.reporters.JUnitXMLReporter -->
<testsuite hostname="dhanushka-ThinkPad-T530" ignored="0" name="Siddhi-io-feed-tests" tests="10" failures="0" timestamp="07 May 2019 08:49:33 GMT" time="21.93" errors="0">
  <testcase name="basicSink" time="1.258" classname="org.wso2.extension.siddhi.io.feed.sink.TestCaseOfFeedSink"/>
  <testcase name="sinkValidationTest" time="0.028" classname="org.wso2.extension.siddhi.io.feed.sink.TestCaseOfFeedSink"/>
  <testcase name="sinkForValidation" time="0.007" classname="org.wso2.extension.siddhi.io.feed.sink.TestCaseOfFeedSink"/>
  <testcase name="sinkForUpdate" time="0.102" classname="org.wso2.extension.siddhi.io.feed.sink.TestCaseOfFeedSink"/>
  <testcase name="sinkForDelete" time="0.051" classname="org.wso2.extension.siddhi.io.feed.sink.TestCaseOfFeedSink"/>
  <testcase name="sinkForValidation" time="0.011" classname="org.wso2.extension.siddhi.io.feed.source.TestCaseOfFeedSource"/>
  <testcase name="sinkForValidation2" time="0.006" classname="org.wso2.extension.siddhi.io.feed.source.TestCaseOfFeedSource"/>
  <testcase name="sourceForAtom" time="5.026" classname="org.wso2.extension.siddhi.io.feed.source.TestCaseOfFeedSource"/>
  <testcase name="sourceForPauseAndResume" time="11.021" classname="org.wso2.extension.siddhi.io.feed.source.TestCaseOfFeedSource"/>
  <testcase name="sourceForRss" time="4.009" classname="org.wso2.extension.siddhi.io.feed.source.TestCaseOfFeedSource"/>
</testsuite> <!-- Siddhi-io-feed-tests -->
